2023-05-08 14:42:31.709  INFO 8968 --- [http-nio-6060-exec-4] c.e.m.t.controller.TodoControllerApiV2   : 리스트를 가져옵니다.
2023-05-08 14:50:33.079  INFO 8968 --- [http-nio-6060-exec-8] c.e.m.t.controller.TodoControllerApiV2   : 리스트를 가져옵니다.
2023-05-08 14:50:47.665  WARN 8968 --- [http-nio-6060-exec-9] .w.s.m.s.DefaultHandlerExceptionResolver : Resolved [org.springframework.web.HttpMediaTypeNotSupportedException: Content type 'text/plain;charset=UTF-8' not supported]
2023-05-08 14:53:03.765  INFO 8968 --- [http-nio-6060-exec-2] c.e.m.t.controller.TodoControllerApiV2   : 리스트를 가져옵니다.
2023-05-08 14:53:08.964  WARN 8968 --- [http-nio-6060-exec-5] .w.s.m.s.DefaultHandlerExceptionResolver : Resolved [org.springframework.web.HttpMediaTypeNotSupportedException: Content type 'text/plain;charset=UTF-8' not supported]
2023-05-08 14:53:27.050  WARN 8968 --- [http-nio-6060-exec-3] .w.s.m.s.DefaultHandlerExceptionResolver : Resolved [org.springframework.web.HttpRequestMethodNotSupportedException: Request method 'POST' not supported]
2023-05-08 14:53:30.453  WARN 8968 --- [http-nio-6060-exec-4] .w.s.m.s.DefaultHandlerExceptionResolver : Resolved [org.springframework.web.HttpMediaTypeNotSupportedException: Content type 'text/plain;charset=UTF-8' not supported]
2023-05-08 14:54:10.259  WARN 8968 --- [http-nio-6060-exec-6] .w.s.m.s.DefaultHandlerExceptionResolver : Resolved [org.springframework.web.HttpMediaTypeNotSupportedException: Content type 'text/plain;charset=UTF-8' not supported]
2023-05-08 14:54:24.736  WARN 8968 --- [http-nio-6060-exec-7] .m.m.a.ExceptionHandlerExceptionResolver : Resolved [org.springframework.web.bind.MethodArgumentNotValidException: Validation failed for argument [0] in public com.example.my.common.ResDTO<?> com.example.my.todo.controller.TodoControllerApiV2.insert(com.example.my.todo.dto.TodoDTO$ReqBasic): [Field error in object 'reqBasic' on field 'content': rejected value [null]; codes [NotBlank.reqBasic.content,NotBlank.content,NotBlank.java.lang.String,NotBlank]; arguments [org.springframework.context.support.DefaultMessageSourceResolvable: codes [reqBasic.content,content]; arguments []; default message [content]]; default message [내용을 입력해 주세요.]] ]
2023-05-08 15:11:14.201  WARN 8968 --- [http-nio-6060-exec-10] .m.m.a.ExceptionHandlerExceptionResolver : Resolved [org.springframework.web.bind.MethodArgumentNotValidException: Validation failed for argument [0] in public com.example.my.common.ResDTO<?> com.example.my.todo.controller.TodoControllerApiV2.insert(com.example.my.todo.dto.TodoDTO$ReqBasic): [Field error in object 'reqBasic' on field 'content': rejected value [null]; codes [NotBlank.reqBasic.content,NotBlank.content,NotBlank.java.lang.String,NotBlank]; arguments [org.springframework.context.support.DefaultMessageSourceResolvable: codes [reqBasic.content,content]; arguments []; default message [content]]; default message [내용을 입력해 주세요.]] ]
2023-05-08 15:12:43.007  WARN 8968 --- [http-nio-6060-exec-5] .m.m.a.ExceptionHandlerExceptionResolver : Resolved [org.springframework.web.bind.MethodArgumentNotValidException: Validation failed for argument [0] in public com.example.my.common.ResDTO<?> com.example.my.todo.controller.TodoControllerApiV2.insert(com.example.my.todo.dto.TodoDTO$ReqBasic): [Field error in object 'reqBasic' on field 'content': rejected value [null]; codes [NotBlank.reqBasic.content,NotBlank.content,NotBlank.java.lang.String,NotBlank]; arguments [org.springframework.context.support.DefaultMessageSourceResolvable: codes [reqBasic.content,content]; arguments []; default message [content]]; default message [내용을 입력해 주세요.]] ]
2023-05-08 15:12:56.190  WARN 8968 --- [http-nio-6060-exec-3] .m.m.a.ExceptionHandlerExceptionResolver : Resolved [org.springframework.web.bind.MethodArgumentNotValidException: Validation failed for argument [0] in public com.example.my.common.ResDTO<?> com.example.my.todo.controller.TodoControllerApiV2.insert(com.example.my.todo.dto.TodoDTO$ReqBasic): [Field error in object 'reqBasic' on field 'content': rejected value [null]; codes [NotBlank.reqBasic.content,NotBlank.content,NotBlank.java.lang.String,NotBlank]; arguments [org.springframework.context.support.DefaultMessageSourceResolvable: codes [reqBasic.content,content]; arguments []; default message [content]]; default message [내용을 입력해 주세요.]] ]
2023-05-08 15:17:26.213  INFO 8968 --- [File Watcher] rtingClassPathChangeChangedEventListener : Restarting due to 1 class path change (0 additions, 1 deletion, 0 modifications)
2023-05-08 15:17:26.234  INFO 8968 --- [Thread-6] o.apache.catalina.core.StandardService   : Stopping service [Tomcat]
2023-05-08 15:17:26.235  INFO 8968 --- [Thread-6] o.a.c.c.C.[Tomcat].[localhost].[/]       : Destroying Spring FrameworkServlet 'dispatcherServlet'
2023-05-08 15:17:26.441  WARN 8968 --- [Thread-6] o.s.b.f.support.DisposableBeanAdapter    : Invocation of destroy method failed on bean with name 'inMemoryDatabaseShutdownExecutor': org.h2.jdbc.JdbcSQLNonTransientConnectionException: Database is already closed (to disable automatic closing at VM shutdown, add ";DB_CLOSE_ON_EXIT=FALSE" to the db URL) [90121-214]
2023-05-08 15:17:26.444  INFO 8968 --- [Thread-6] com.zaxxer.hikari.HikariDataSource       : HikariPool-1 - Shutdown initiated...
2023-05-08 15:17:26.446  INFO 8968 --- [Thread-6] com.zaxxer.hikari.HikariDataSource       : HikariPool-1 - Shutdown completed.
2023-05-08 15:17:26.557  INFO 8968 --- [restartedMain] com.example.my.MyApplication             : Starting MyApplication using Java 17.0.6 on DESKTOP-FFS5E59 with PID 8968 (C:\Users\programming\Spring\my05081244\build\classes\java\main started by dita810 in C:\Users\programming\Spring\my05081244)
2023-05-08 15:17:26.558  INFO 8968 --- [restartedMain] com.example.my.MyApplication             : No active profile set, falling back to 1 default profile: "default"
2023-05-08 15:17:27.049  INFO 8968 --- [restartedMain] o.s.b.w.embedded.tomcat.TomcatWebServer  : Tomcat initialized with port(s): 6060 (http)
2023-05-08 15:17:27.050  INFO 8968 --- [restartedMain] o.apache.catalina.core.StandardService   : Starting service [Tomcat]
2023-05-08 15:17:27.051  INFO 8968 --- [restartedMain] org.apache.catalina.core.StandardEngine  : Starting Servlet engine: [Apache Tomcat/9.0.74]
2023-05-08 15:17:27.184  INFO 8968 --- [restartedMain] org.apache.jasper.servlet.TldScanner     : At least one JAR was scanned for TLDs yet contained no TLDs. Enable debug logging for this logger for a complete list of JARs that were scanned but no TLDs were found in them. Skipping unneeded JARs during scanning can improve startup time and JSP compilation time.
2023-05-08 15:17:27.188  INFO 8968 --- [restartedMain] o.a.c.c.C.[Tomcat].[localhost].[/]       : Initializing Spring embedded WebApplicationContext
2023-05-08 15:17:27.188  INFO 8968 --- [restartedMain] w.s.c.ServletWebServerApplicationContext : Root WebApplicationContext: initialization completed in 626 ms
2023-05-08 15:17:27.198  INFO 8968 --- [restartedMain] com.zaxxer.hikari.HikariDataSource       : HikariPool-2 - Starting...
2023-05-08 15:17:27.201  INFO 8968 --- [restartedMain] com.zaxxer.hikari.HikariDataSource       : HikariPool-2 - Start completed.
2023-05-08 15:17:27.201  INFO 8968 --- [restartedMain] o.s.b.a.h2.H2ConsoleAutoConfiguration    : H2 console available at '/h2'. Database available at 'jdbc:h2:mem:testdb'
2023-05-08 15:17:27.885  INFO 8968 --- [restartedMain] o.s.b.d.a.OptionalLiveReloadServer       : LiveReload server is running on port 35729
2023-05-08 15:17:27.922  INFO 8968 --- [restartedMain] o.s.b.w.embedded.tomcat.TomcatWebServer  : Tomcat started on port(s): 6060 (http) with context path ''
2023-05-08 15:17:27.942  INFO 8968 --- [restartedMain] com.example.my.MyApplication             : Started MyApplication in 1.444 seconds (JVM running for 2174.471)
2023-05-08 15:17:27.946  INFO 8968 --- [restartedMain] .ConditionEvaluationDeltaLoggingListener : Condition evaluation unchanged
2023-05-08 15:17:29.301  INFO 13052 --- [restartedMain] com.example.my.MyApplication             : Starting MyApplication using Java 17.0.6 on DESKTOP-FFS5E59 with PID 13052 (C:\Users\programming\Spring\my05081244\build\classes\java\main started by dita810 in C:\Users\programming\Spring\my05081244)
2023-05-08 15:17:29.303  INFO 13052 --- [restartedMain] com.example.my.MyApplication             : No active profile set, falling back to 1 default profile: "default"
2023-05-08 15:17:29.342  INFO 8968 --- [File Watcher] rtingClassPathChangeChangedEventListener : Restarting due to 1 class path change (1 addition, 0 deletions, 0 modifications)
2023-05-08 15:17:29.354  INFO 13052 --- [restartedMain] .e.DevToolsPropertyDefaultsPostProcessor : Devtools property defaults active! Set 'spring.devtools.add-properties' to 'false' to disable
2023-05-08 15:17:29.354  INFO 13052 --- [restartedMain] .e.DevToolsPropertyDefaultsPostProcessor : For additional web related logging consider setting the 'logging.level.web' property to 'DEBUG'
2023-05-08 15:17:29.357  INFO 8968 --- [Thread-8] o.apache.catalina.core.StandardService   : Stopping service [Tomcat]
2023-05-08 15:17:29.562  WARN 8968 --- [Thread-8] o.s.b.f.support.DisposableBeanAdapter    : Invocation of destroy method failed on bean with name 'inMemoryDatabaseShutdownExecutor': org.h2.jdbc.JdbcSQLNonTransientConnectionException: Database is already closed (to disable automatic closing at VM shutdown, add ";DB_CLOSE_ON_EXIT=FALSE" to the db URL) [90121-214]
2023-05-08 15:17:29.563  INFO 8968 --- [Thread-8] com.zaxxer.hikari.HikariDataSource       : HikariPool-2 - Shutdown initiated...
2023-05-08 15:17:29.563  INFO 8968 --- [Thread-8] com.zaxxer.hikari.HikariDataSource       : HikariPool-2 - Shutdown completed.
2023-05-08 15:17:29.668  INFO 8968 --- [restartedMain] com.example.my.MyApplication             : Starting MyApplication using Java 17.0.6 on DESKTOP-FFS5E59 with PID 8968 (C:\Users\programming\Spring\my05081244\build\classes\java\main started by dita810 in C:\Users\programming\Spring\my05081244)
2023-05-08 15:17:29.668  INFO 8968 --- [restartedMain] com.example.my.MyApplication             : No active profile set, falling back to 1 default profile: "default"
2023-05-08 15:17:30.103  INFO 8968 --- [restartedMain] o.s.b.w.embedded.tomcat.TomcatWebServer  : Tomcat initialized with port(s): 6060 (http)
2023-05-08 15:17:30.103  INFO 8968 --- [restartedMain] o.apache.catalina.core.StandardService   : Starting service [Tomcat]
2023-05-08 15:17:30.103  INFO 8968 --- [restartedMain] org.apache.catalina.core.StandardEngine  : Starting Servlet engine: [Apache Tomcat/9.0.74]
2023-05-08 15:17:30.223  INFO 8968 --- [restartedMain] org.apache.jasper.servlet.TldScanner     : At least one JAR was scanned for TLDs yet contained no TLDs. Enable debug logging for this logger for a complete list of JARs that were scanned but no TLDs were found in them. Skipping unneeded JARs during scanning can improve startup time and JSP compilation time.
2023-05-08 15:17:30.228  INFO 8968 --- [restartedMain] o.a.c.c.C.[Tomcat].[localhost].[/]       : Initializing Spring embedded WebApplicationContext
2023-05-08 15:17:30.228  INFO 8968 --- [restartedMain] w.s.c.ServletWebServerApplicationContext : Root WebApplicationContext: initialization completed in 557 ms
2023-05-08 15:17:30.242  INFO 8968 --- [restartedMain] com.zaxxer.hikari.HikariDataSource       : HikariPool-3 - Starting...
2023-05-08 15:17:30.245  INFO 8968 --- [restartedMain] com.zaxxer.hikari.HikariDataSource       : HikariPool-3 - Start completed.
2023-05-08 15:17:30.245  INFO 8968 --- [restartedMain] o.s.b.a.h2.H2ConsoleAutoConfiguration    : H2 console available at '/h2'. Database available at 'jdbc:h2:mem:testdb'
2023-05-08 15:17:30.754  INFO 8968 --- [restartedMain] o.s.b.d.a.OptionalLiveReloadServer       : LiveReload server is running on port 35729
2023-05-08 15:17:30.766  INFO 8968 --- [restartedMain] o.s.b.w.embedded.tomcat.TomcatWebServer  : Tomcat started on port(s): 6060 (http) with context path ''
2023-05-08 15:17:30.770  INFO 8968 --- [restartedMain] com.example.my.MyApplication             : Started MyApplication in 1.162 seconds (JVM running for 2177.299)
2023-05-08 15:17:30.771  INFO 8968 --- [restartedMain] .ConditionEvaluationDeltaLoggingListener : Condition evaluation unchanged
2023-05-08 15:17:31.011  INFO 13052 --- [restartedMain] o.s.b.w.embedded.tomcat.TomcatWebServer  : Tomcat initialized with port(s): 6060 (http)
2023-05-08 15:17:31.022  INFO 13052 --- [restartedMain] o.apache.catalina.core.StandardService   : Starting service [Tomcat]
2023-05-08 15:17:31.022  INFO 13052 --- [restartedMain] org.apache.catalina.core.StandardEngine  : Starting Servlet engine: [Apache Tomcat/9.0.74]
2023-05-08 15:17:31.281  INFO 13052 --- [restartedMain] org.apache.jasper.servlet.TldScanner     : At least one JAR was scanned for TLDs yet contained no TLDs. Enable debug logging for this logger for a complete list of JARs that were scanned but no TLDs were found in them. Skipping unneeded JARs during scanning can improve startup time and JSP compilation time.
2023-05-08 15:17:31.293  INFO 13052 --- [restartedMain] o.a.c.c.C.[Tomcat].[localhost].[/]       : Initializing Spring embedded WebApplicationContext
2023-05-08 15:17:31.294  INFO 13052 --- [restartedMain] w.s.c.ServletWebServerApplicationContext : Root WebApplicationContext: initialization completed in 1939 ms
2023-05-08 15:17:31.321  INFO 13052 --- [restartedMain] com.zaxxer.hikari.HikariDataSource       : HikariPool-1 - Starting...
2023-05-08 15:17:31.555  INFO 13052 --- [restartedMain] com.zaxxer.hikari.HikariDataSource       : HikariPool-1 - Start completed.
2023-05-08 15:17:31.574  INFO 13052 --- [restartedMain] o.s.b.a.h2.H2ConsoleAutoConfiguration    : H2 console available at '/h2'. Database available at 'jdbc:h2:mem:testdb'
2023-05-08 15:17:32.911  WARN 13052 --- [restartedMain] o.s.b.d.a.OptionalLiveReloadServer       : Unable to start LiveReload server
2023-05-08 15:17:32.931  WARN 13052 --- [restartedMain] ConfigServletWebServerApplicationContext : Exception encountered during context initialization - cancelling refresh attempt: org.springframework.context.ApplicationContextException: Failed to start bean 'webServerStartStop'; nested exception is org.springframework.boot.web.server.PortInUseException: Port 6060 is already in use
2023-05-08 15:17:33.138  WARN 13052 --- [restartedMain] o.s.b.f.support.DisposableBeanAdapter    : Invocation of destroy method failed on bean with name 'inMemoryDatabaseShutdownExecutor': org.h2.jdbc.JdbcSQLNonTransientConnectionException: Database is already closed (to disable automatic closing at VM shutdown, add ";DB_CLOSE_ON_EXIT=FALSE" to the db URL) [90121-214]
2023-05-08 15:17:33.143  INFO 13052 --- [restartedMain] com.zaxxer.hikari.HikariDataSource       : HikariPool-1 - Shutdown initiated...
2023-05-08 15:17:33.146  INFO 13052 --- [restartedMain] com.zaxxer.hikari.HikariDataSource       : HikariPool-1 - Shutdown completed.
2023-05-08 15:17:33.151  INFO 13052 --- [restartedMain] o.apache.catalina.core.StandardService   : Stopping service [Tomcat]
2023-05-08 15:17:33.171  INFO 13052 --- [restartedMain] ConditionEvaluationReportLoggingListener : 

Error starting ApplicationContext. To display the conditions report re-run your application with 'debug' enabled.
2023-05-08 15:17:33.198 ERROR 13052 --- [restartedMain] o.s.b.d.LoggingFailureAnalysisReporter   : 

***************************
APPLICATION FAILED TO START
***************************

Description:

Web server failed to start. Port 6060 was already in use.

Action:

Identify and stop the process that's listening on port 6060 or configure this application to listen on another port.

2023-05-08 15:22:58.617  INFO 2512 --- [restartedMain] com.example.my.MyApplication             : Starting MyApplication using Java 17.0.6 on DESKTOP-FFS5E59 with PID 2512 (C:\Users\programming\Spring\my05081244\build\classes\java\main started by dita810 in C:\Users\programming\Spring\my05081244)
2023-05-08 15:22:58.619  INFO 2512 --- [restartedMain] com.example.my.MyApplication             : No active profile set, falling back to 1 default profile: "default"
2023-05-08 15:22:58.699  INFO 2512 --- [restartedMain] .e.DevToolsPropertyDefaultsPostProcessor : Devtools property defaults active! Set 'spring.devtools.add-properties' to 'false' to disable
2023-05-08 15:22:58.699  INFO 2512 --- [restartedMain] .e.DevToolsPropertyDefaultsPostProcessor : For additional web related logging consider setting the 'logging.level.web' property to 'DEBUG'
2023-05-08 15:23:00.673  INFO 2512 --- [restartedMain] o.s.b.w.embedded.tomcat.TomcatWebServer  : Tomcat initialized with port(s): 6060 (http)
2023-05-08 15:23:00.691  INFO 2512 --- [restartedMain] o.apache.catalina.core.StandardService   : Starting service [Tomcat]
2023-05-08 15:23:00.692  INFO 2512 --- [restartedMain] org.apache.catalina.core.StandardEngine  : Starting Servlet engine: [Apache Tomcat/9.0.74]
2023-05-08 15:23:01.086  INFO 2512 --- [restartedMain] org.apache.jasper.servlet.TldScanner     : At least one JAR was scanned for TLDs yet contained no TLDs. Enable debug logging for this logger for a complete list of JARs that were scanned but no TLDs were found in them. Skipping unneeded JARs during scanning can improve startup time and JSP compilation time.
2023-05-08 15:23:01.101  INFO 2512 --- [restartedMain] o.a.c.c.C.[Tomcat].[localhost].[/]       : Initializing Spring embedded WebApplicationContext
2023-05-08 15:23:01.102  INFO 2512 --- [restartedMain] w.s.c.ServletWebServerApplicationContext : Root WebApplicationContext: initialization completed in 2403 ms
2023-05-08 15:23:01.140  INFO 2512 --- [restartedMain] com.zaxxer.hikari.HikariDataSource       : HikariPool-1 - Starting...
2023-05-08 15:23:01.432  INFO 2512 --- [restartedMain] com.zaxxer.hikari.HikariDataSource       : HikariPool-1 - Start completed.
2023-05-08 15:23:01.449  INFO 2512 --- [restartedMain] o.s.b.a.h2.H2ConsoleAutoConfiguration    : H2 console available at '/h2'. Database available at 'jdbc:h2:mem:testdb'
2023-05-08 15:23:03.096  INFO 2512 --- [restartedMain] o.s.b.d.a.OptionalLiveReloadServer       : LiveReload server is running on port 35729
2023-05-08 15:23:03.164  INFO 2512 --- [restartedMain] o.s.b.w.embedded.tomcat.TomcatWebServer  : Tomcat started on port(s): 6060 (http) with context path ''
2023-05-08 15:23:03.181  INFO 2512 --- [restartedMain] com.example.my.MyApplication             : Started MyApplication in 5.128 seconds (JVM running for 6.0)
2023-05-08 15:23:50.864  INFO 2512 --- [http-nio-6060-exec-1] o.a.c.c.C.[Tomcat].[localhost].[/]       : Initializing Spring DispatcherServlet 'dispatcherServlet'
2023-05-08 15:23:50.865  INFO 2512 --- [http-nio-6060-exec-1] o.s.web.servlet.DispatcherServlet        : Initializing Servlet 'dispatcherServlet'
2023-05-08 15:23:50.866  INFO 2512 --- [http-nio-6060-exec-1] o.s.web.servlet.DispatcherServlet        : Completed initialization in 1 ms
2023-05-08 15:23:50.884  WARN 2512 --- [http-nio-6060-exec-1] .w.s.m.s.DefaultHandlerExceptionResolver : Resolved [org.springframework.web.HttpRequestMethodNotSupportedException: Request method 'POST' not supported]
2023-05-08 15:23:53.999  WARN 2512 --- [http-nio-6060-exec-3] .m.m.a.ExceptionHandlerExceptionResolver : Resolved [org.springframework.web.bind.MethodArgumentNotValidException: Validation failed for argument [0] in public com.example.my.common.ResDTO<?> com.example.my.todo.controller.TodoControllerApiV2.insert(com.example.my.todo.dto.TodoDTO$ReqBasic): [Field error in object 'reqBasic' on field 'content': rejected value [null]; codes [NotBlank.reqBasic.content,NotBlank.content,NotBlank.java.lang.String,NotBlank]; arguments [org.springframework.context.support.DefaultMessageSourceResolvable: codes [reqBasic.content,content]; arguments []; default message [content]]; default message [내용을 입력해 주세요.]] ]
2023-05-08 15:39:04.085  INFO 1044 --- [restartedMain] com.example.my.MyApplication             : Starting MyApplication using Java 17.0.6 on DESKTOP-FFS5E59 with PID 1044 (C:\Users\programming\Spring\my05081244\build\classes\java\main started by dita810 in C:\Users\programming\Spring\my05081244)
2023-05-08 15:39:04.086  INFO 1044 --- [restartedMain] com.example.my.MyApplication             : No active profile set, falling back to 1 default profile: "default"
2023-05-08 15:39:04.135  INFO 1044 --- [restartedMain] .e.DevToolsPropertyDefaultsPostProcessor : Devtools property defaults active! Set 'spring.devtools.add-properties' to 'false' to disable
2023-05-08 15:39:04.135  INFO 1044 --- [restartedMain] .e.DevToolsPropertyDefaultsPostProcessor : For additional web related logging consider setting the 'logging.level.web' property to 'DEBUG'
2023-05-08 15:39:05.556  INFO 1044 --- [restartedMain] o.s.b.w.embedded.tomcat.TomcatWebServer  : Tomcat initialized with port(s): 6060 (http)
2023-05-08 15:39:05.566  INFO 1044 --- [restartedMain] o.apache.catalina.core.StandardService   : Starting service [Tomcat]
2023-05-08 15:39:05.567  INFO 1044 --- [restartedMain] org.apache.catalina.core.StandardEngine  : Starting Servlet engine: [Apache Tomcat/9.0.74]
2023-05-08 15:39:05.820  INFO 1044 --- [restartedMain] org.apache.jasper.servlet.TldScanner     : At least one JAR was scanned for TLDs yet contained no TLDs. Enable debug logging for this logger for a complete list of JARs that were scanned but no TLDs were found in them. Skipping unneeded JARs during scanning can improve startup time and JSP compilation time.
2023-05-08 15:39:05.831  INFO 1044 --- [restartedMain] o.a.c.c.C.[Tomcat].[localhost].[/]       : Initializing Spring embedded WebApplicationContext
2023-05-08 15:39:05.832  INFO 1044 --- [restartedMain] w.s.c.ServletWebServerApplicationContext : Root WebApplicationContext: initialization completed in 1696 ms
2023-05-08 15:39:05.858  INFO 1044 --- [restartedMain] com.zaxxer.hikari.HikariDataSource       : HikariPool-1 - Starting...
2023-05-08 15:39:06.086  INFO 1044 --- [restartedMain] com.zaxxer.hikari.HikariDataSource       : HikariPool-1 - Start completed.
2023-05-08 15:39:06.097  INFO 1044 --- [restartedMain] o.s.b.a.h2.H2ConsoleAutoConfiguration    : H2 console available at '/h2'. Database available at 'jdbc:h2:mem:testdb'
2023-05-08 15:39:07.281  INFO 1044 --- [restartedMain] o.s.b.d.a.OptionalLiveReloadServer       : LiveReload server is running on port 35729
2023-05-08 15:39:07.328  INFO 1044 --- [restartedMain] o.s.b.w.embedded.tomcat.TomcatWebServer  : Tomcat started on port(s): 6060 (http) with context path ''
2023-05-08 15:39:07.340  INFO 1044 --- [restartedMain] com.example.my.MyApplication             : Started MyApplication in 3.712 seconds (JVM running for 4.414)
2023-05-08 15:39:15.649  INFO 1044 --- [http-nio-6060-exec-1] o.a.c.c.C.[Tomcat].[localhost].[/]       : Initializing Spring DispatcherServlet 'dispatcherServlet'
2023-05-08 15:39:15.649  INFO 1044 --- [http-nio-6060-exec-1] o.s.web.servlet.DispatcherServlet        : Initializing Servlet 'dispatcherServlet'
2023-05-08 15:39:15.650  INFO 1044 --- [http-nio-6060-exec-1] o.s.web.servlet.DispatcherServlet        : Completed initialization in 0 ms
2023-05-08 15:39:15.680  WARN 1044 --- [http-nio-6060-exec-1] c.e.m.t.controller.TodoControllerApiV2   : 100번 할 일 삭제를 요청합니다.
2023-05-08 15:39:34.634  WARN 1044 --- [http-nio-6060-exec-3] c.e.m.t.controller.TodoControllerApiV2   : 100번 할 일 삭제를 요청합니다.
2023-05-08 15:40:02.839  INFO 10400 --- [restartedMain] com.example.my.MyApplication             : Starting MyApplication using Java 17.0.6 on DESKTOP-FFS5E59 with PID 10400 (C:\Users\programming\Spring\my05081244\build\classes\java\main started by dita810 in C:\Users\programming\Spring\my05081244)
2023-05-08 15:40:02.840  INFO 10400 --- [restartedMain] com.example.my.MyApplication             : No active profile set, falling back to 1 default profile: "default"
2023-05-08 15:40:02.886  INFO 10400 --- [restartedMain] .e.DevToolsPropertyDefaultsPostProcessor : Devtools property defaults active! Set 'spring.devtools.add-properties' to 'false' to disable
2023-05-08 15:40:02.886  INFO 10400 --- [restartedMain] .e.DevToolsPropertyDefaultsPostProcessor : For additional web related logging consider setting the 'logging.level.web' property to 'DEBUG'
2023-05-08 15:40:04.252  INFO 10400 --- [restartedMain] o.s.b.w.embedded.tomcat.TomcatWebServer  : Tomcat initialized with port(s): 6060 (http)
2023-05-08 15:40:04.262  INFO 10400 --- [restartedMain] o.apache.catalina.core.StandardService   : Starting service [Tomcat]
2023-05-08 15:40:04.262  INFO 10400 --- [restartedMain] org.apache.catalina.core.StandardEngine  : Starting Servlet engine: [Apache Tomcat/9.0.74]
2023-05-08 15:40:04.498  INFO 10400 --- [restartedMain] org.apache.jasper.servlet.TldScanner     : At least one JAR was scanned for TLDs yet contained no TLDs. Enable debug logging for this logger for a complete list of JARs that were scanned but no TLDs were found in them. Skipping unneeded JARs during scanning can improve startup time and JSP compilation time.
2023-05-08 15:40:04.508  INFO 10400 --- [restartedMain] o.a.c.c.C.[Tomcat].[localhost].[/]       : Initializing Spring embedded WebApplicationContext
2023-05-08 15:40:04.509  INFO 10400 --- [restartedMain] w.s.c.ServletWebServerApplicationContext : Root WebApplicationContext: initialization completed in 1622 ms
2023-05-08 15:40:04.538  INFO 10400 --- [restartedMain] com.zaxxer.hikari.HikariDataSource       : HikariPool-1 - Starting...
2023-05-08 15:40:04.755  INFO 10400 --- [restartedMain] com.zaxxer.hikari.HikariDataSource       : HikariPool-1 - Start completed.
2023-05-08 15:40:04.765  INFO 10400 --- [restartedMain] o.s.b.a.h2.H2ConsoleAutoConfiguration    : H2 console available at '/h2'. Database available at 'jdbc:h2:mem:testdb'
2023-05-08 15:40:05.931  INFO 10400 --- [restartedMain] o.s.b.d.a.OptionalLiveReloadServer       : LiveReload server is running on port 35729
2023-05-08 15:40:05.977  INFO 10400 --- [restartedMain] o.s.b.w.embedded.tomcat.TomcatWebServer  : Tomcat started on port(s): 6060 (http) with context path ''
2023-05-08 15:40:05.989  INFO 10400 --- [restartedMain] com.example.my.MyApplication             : Started MyApplication in 3.605 seconds (JVM running for 4.303)
2023-05-08 15:40:13.745  INFO 10400 --- [http-nio-6060-exec-2] o.a.c.c.C.[Tomcat].[localhost].[/]       : Initializing Spring DispatcherServlet 'dispatcherServlet'
2023-05-08 15:40:13.745  INFO 10400 --- [http-nio-6060-exec-2] o.s.web.servlet.DispatcherServlet        : Initializing Servlet 'dispatcherServlet'
2023-05-08 15:40:13.747  INFO 10400 --- [http-nio-6060-exec-2] o.s.web.servlet.DispatcherServlet        : Completed initialization in 2 ms
2023-05-08 15:40:13.777  WARN 10400 --- [http-nio-6060-exec-2] c.e.m.t.controller.TodoControllerApiV2   : 100번 할 일 삭제를 요청합니다.
2023-05-08 15:51:38.149  INFO 10400 --- [http-nio-6060-exec-4] c.e.m.t.controller.TodoControllerApiV2   : 100번 할 일 수정을 요청합니다.
2023-05-08 15:51:38.162 ERROR 10400 --- [http-nio-6060-exec-4] o.a.c.c.C.[.[.[/].[dispatcherServlet]    : Servlet.service() for servlet [dispatcherServlet] in context with path [] threw exception [Request processing failed; nested exception is java.lang.NullPointerException: Cannot invoke "com.example.my.todo.entity.TodoEntity.getDoneYn()" because "todoEntity" is null] with root cause

java.lang.NullPointerException: Cannot invoke "com.example.my.todo.entity.TodoEntity.getDoneYn()" because "todoEntity" is null
	at com.example.my.todo.service.TodoServiceApiV2.update(TodoServiceApiV2.java:59) ~[main/:na]
	at com.example.my.todo.service.TodoServiceApiV2$$FastClassBySpringCGLIB$$98d01fd7.invoke(<generated>) ~[main/:na]
	at org.springframework.cglib.proxy.MethodProxy.invoke(MethodProxy.java:218) ~[spring-core-5.3.27.jar:5.3.27]
	at org.springframework.aop.framework.CglibAopProxy$CglibMethodInvocation.invokeJoinpoint(CglibAopProxy.java:793) ~[spring-aop-5.3.27.jar:5.3.27]
	at org.springframework.aop.framework.ReflectiveMethodInvocation.proceed(ReflectiveMethodInvocation.java:163) ~[spring-aop-5.3.27.jar:5.3.27]
	at org.springframework.aop.framework.CglibAopProxy$CglibMethodInvocation.proceed(CglibAopProxy.java:763) ~[spring-aop-5.3.27.jar:5.3.27]
	at org.springframework.transaction.interceptor.TransactionInterceptor$1.proceedWithInvocation(TransactionInterceptor.java:123) ~[spring-tx-5.3.27.jar:5.3.27]
	at org.springframework.transaction.interceptor.TransactionAspectSupport.invokeWithinTransaction(TransactionAspectSupport.java:388) ~[spring-tx-5.3.27.jar:5.3.27]
	at org.springframework.transaction.interceptor.TransactionInterceptor.invoke(TransactionInterceptor.java:119) ~[spring-tx-5.3.27.jar:5.3.27]
	at org.springframework.aop.framework.ReflectiveMethodInvocation.proceed(ReflectiveMethodInvocation.java:186) ~[spring-aop-5.3.27.jar:5.3.27]
	at org.springframework.aop.framework.CglibAopProxy$CglibMethodInvocation.proceed(CglibAopProxy.java:763) ~[spring-aop-5.3.27.jar:5.3.27]
	at org.springframework.aop.framework.CglibAopProxy$DynamicAdvisedInterceptor.intercept(CglibAopProxy.java:708) ~[spring-aop-5.3.27.jar:5.3.27]
	at com.example.my.todo.service.TodoServiceApiV2$$EnhancerBySpringCGLIB$$8fac3d56.update(<generated>) ~[main/:na]
	at com.example.my.todo.controller.TodoControllerApiV2.update(TodoControllerApiV2.java:47) ~[main/:na]
	at java.base/jdk.internal.reflect.NativeMethodAccessorImpl.invoke0(Native Method) ~[na:na]
	at java.base/jdk.internal.reflect.NativeMethodAccessorImpl.invoke(NativeMethodAccessorImpl.java:77) ~[na:na]
	at java.base/jdk.internal.reflect.DelegatingMethodAccessorImpl.invoke(DelegatingMethodAccessorImpl.java:43) ~[na:na]
	at java.base/java.lang.reflect.Method.invoke(Method.java:568) ~[na:na]
	at org.springframework.web.method.support.InvocableHandlerMethod.doInvoke(InvocableHandlerMethod.java:205) ~[spring-web-5.3.27.jar:5.3.27]
	at org.springframework.web.method.support.InvocableHandlerMethod.invokeForRequest(InvocableHandlerMethod.java:150) ~[spring-web-5.3.27.jar:5.3.27]
	at org.springframework.web.servlet.mvc.method.annotation.ServletInvocableHandlerMethod.invokeAndHandle(ServletInvocableHandlerMethod.java:117) ~[spring-webmvc-5.3.27.jar:5.3.27]
	at org.springframework.web.servlet.mvc.method.annotation.RequestMappingHandlerAdapter.invokeHandlerMethod(RequestMappingHandlerAdapter.java:895) ~[spring-webmvc-5.3.27.jar:5.3.27]
	at org.springframework.web.servlet.mvc.method.annotation.RequestMappingHandlerAdapter.handleInternal(RequestMappingHandlerAdapter.java:808) ~[spring-webmvc-5.3.27.jar:5.3.27]
	at org.springframework.web.servlet.mvc.method.AbstractHandlerMethodAdapter.handle(AbstractHandlerMethodAdapter.java:87) ~[spring-webmvc-5.3.27.jar:5.3.27]
	at org.springframework.web.servlet.DispatcherServlet.doDispatch(DispatcherServlet.java:1072) ~[spring-webmvc-5.3.27.jar:5.3.27]
	at org.springframework.web.servlet.DispatcherServlet.doService(DispatcherServlet.java:965) ~[spring-webmvc-5.3.27.jar:5.3.27]
	at org.springframework.web.servlet.FrameworkServlet.processRequest(FrameworkServlet.java:1006) ~[spring-webmvc-5.3.27.jar:5.3.27]
	at org.springframework.web.servlet.FrameworkServlet.doPut(FrameworkServlet.java:920) ~[spring-webmvc-5.3.27.jar:5.3.27]
	at javax.servlet.http.HttpServlet.service(HttpServlet.java:558) ~[tomcat-embed-core-9.0.74.jar:4.0.FR]
	at org.springframework.web.servlet.FrameworkServlet.service(FrameworkServlet.java:883) ~[spring-webmvc-5.3.27.jar:5.3.27]
	at javax.servlet.http.HttpServlet.service(HttpServlet.java:623) ~[tomcat-embed-core-9.0.74.jar:4.0.FR]
	at org.apache.catalina.core.ApplicationFilterChain.internalDoFilter(ApplicationFilterChain.java:209) ~[tomcat-embed-core-9.0.74.jar:9.0.74]
	at org.apache.catalina.core.ApplicationFilterChain.doFilter(ApplicationFilterChain.java:153) ~[tomcat-embed-core-9.0.74.jar:9.0.74]
	at org.apache.tomcat.websocket.server.WsFilter.doFilter(WsFilter.java:51) ~[tomcat-embed-websocket-9.0.74.jar:9.0.74]
	at org.apache.catalina.core.ApplicationFilterChain.internalDoFilter(ApplicationFilterChain.java:178) ~[tomcat-embed-core-9.0.74.jar:9.0.74]
	at org.apache.catalina.core.ApplicationFilterChain.doFilter(ApplicationFilterChain.java:153) ~[tomcat-embed-core-9.0.74.jar:9.0.74]
	at org.springframework.web.filter.RequestContextFilter.doFilterInternal(RequestContextFilter.java:100) ~[spring-web-5.3.27.jar:5.3.27]
	at org.springframework.web.filter.OncePerRequestFilter.doFilter(OncePerRequestFilter.java:117) ~[spring-web-5.3.27.jar:5.3.27]
	at org.apache.catalina.core.ApplicationFilterChain.internalDoFilter(ApplicationFilterChain.java:178) ~[tomcat-embed-core-9.0.74.jar:9.0.74]
	at org.apache.catalina.core.ApplicationFilterChain.doFilter(ApplicationFilterChain.java:153) ~[tomcat-embed-core-9.0.74.jar:9.0.74]
	at org.springframework.web.filter.FormContentFilter.doFilterInternal(FormContentFilter.java:93) ~[spring-web-5.3.27.jar:5.3.27]
	at org.springframework.web.filter.OncePerRequestFilter.doFilter(OncePerRequestFilter.java:117) ~[spring-web-5.3.27.jar:5.3.27]
	at org.apache.catalina.core.ApplicationFilterChain.internalDoFilter(ApplicationFilterChain.java:178) ~[tomcat-embed-core-9.0.74.jar:9.0.74]
	at org.apache.catalina.core.ApplicationFilterChain.doFilter(ApplicationFilterChain.java:153) ~[tomcat-embed-core-9.0.74.jar:9.0.74]
	at org.springframework.web.filter.CharacterEncodingFilter.doFilterInternal(CharacterEncodingFilter.java:201) ~[spring-web-5.3.27.jar:5.3.27]
	at org.springframework.web.filter.OncePerRequestFilter.doFilter(OncePerRequestFilter.java:117) ~[spring-web-5.3.27.jar:5.3.27]
	at org.apache.catalina.core.ApplicationFilterChain.internalDoFilter(ApplicationFilterChain.java:178) ~[tomcat-embed-core-9.0.74.jar:9.0.74]
	at org.apache.catalina.core.ApplicationFilterChain.doFilter(ApplicationFilterChain.java:153) ~[tomcat-embed-core-9.0.74.jar:9.0.74]
	at org.apache.catalina.core.StandardWrapperValve.invoke(StandardWrapperValve.java:167) ~[tomcat-embed-core-9.0.74.jar:9.0.74]
	at org.apache.catalina.core.StandardContextValve.invoke(StandardContextValve.java:90) ~[tomcat-embed-core-9.0.74.jar:9.0.74]
	at org.apache.catalina.authenticator.AuthenticatorBase.invoke(AuthenticatorBase.java:481) ~[tomcat-embed-core-9.0.74.jar:9.0.74]
	at org.apache.catalina.core.StandardHostValve.invoke(StandardHostValve.java:130) ~[tomcat-embed-core-9.0.74.jar:9.0.74]
	at org.apache.catalina.valves.ErrorReportValve.invoke(ErrorReportValve.java:93) ~[tomcat-embed-core-9.0.74.jar:9.0.74]
	at org.apache.catalina.core.StandardEngineValve.invoke(StandardEngineValve.java:74) ~[tomcat-embed-core-9.0.74.jar:9.0.74]
	at org.apache.catalina.connector.CoyoteAdapter.service(CoyoteAdapter.java:343) ~[tomcat-embed-core-9.0.74.jar:9.0.74]
	at org.apache.coyote.http11.Http11Processor.service(Http11Processor.java:389) ~[tomcat-embed-core-9.0.74.jar:9.0.74]
	at org.apache.coyote.AbstractProcessorLight.process(AbstractProcessorLight.java:63) ~[tomcat-embed-core-9.0.74.jar:9.0.74]
	at org.apache.coyote.AbstractProtocol$ConnectionHandler.process(AbstractProtocol.java:926) ~[tomcat-embed-core-9.0.74.jar:9.0.74]
	at org.apache.tomcat.util.net.NioEndpoint$SocketProcessor.doRun(NioEndpoint.java:1791) ~[tomcat-embed-core-9.0.74.jar:9.0.74]
	at org.apache.tomcat.util.net.SocketProcessorBase.run(SocketProcessorBase.java:52) ~[tomcat-embed-core-9.0.74.jar:9.0.74]
	at org.apache.tomcat.util.threads.ThreadPoolExecutor.runWorker(ThreadPoolExecutor.java:1191) ~[tomcat-embed-core-9.0.74.jar:9.0.74]
	at org.apache.tomcat.util.threads.ThreadPoolExecutor$Worker.run(ThreadPoolExecutor.java:659) ~[tomcat-embed-core-9.0.74.jar:9.0.74]
	at org.apache.tomcat.util.threads.TaskThread$WrappingRunnable.run(TaskThread.java:61) ~[tomcat-embed-core-9.0.74.jar:9.0.74]
	at java.base/java.lang.Thread.run(Thread.java:833) ~[na:na]

2023-05-08 16:35:14.518  INFO 12504 --- [restartedMain] com.example.my.MyApplication             : Starting MyApplication using Java 17.0.6 on DESKTOP-FFS5E59 with PID 12504 (C:\Users\programming\Spring\my05081244\build\classes\java\main started by dita810 in C:\Users\programming\Spring\my05081244)
2023-05-08 16:35:14.519  INFO 12504 --- [restartedMain] com.example.my.MyApplication             : No active profile set, falling back to 1 default profile: "default"
2023-05-08 16:35:14.565  INFO 12504 --- [restartedMain] .e.DevToolsPropertyDefaultsPostProcessor : Devtools property defaults active! Set 'spring.devtools.add-properties' to 'false' to disable
2023-05-08 16:35:14.565  INFO 12504 --- [restartedMain] .e.DevToolsPropertyDefaultsPostProcessor : For additional web related logging consider setting the 'logging.level.web' property to 'DEBUG'
2023-05-08 16:35:15.924  INFO 12504 --- [restartedMain] o.s.b.w.embedded.tomcat.TomcatWebServer  : Tomcat initialized with port(s): 6060 (http)
2023-05-08 16:35:15.934  INFO 12504 --- [restartedMain] o.apache.catalina.core.StandardService   : Starting service [Tomcat]
2023-05-08 16:35:15.934  INFO 12504 --- [restartedMain] org.apache.catalina.core.StandardEngine  : Starting Servlet engine: [Apache Tomcat/9.0.74]
2023-05-08 16:35:16.178  INFO 12504 --- [restartedMain] org.apache.jasper.servlet.TldScanner     : At least one JAR was scanned for TLDs yet contained no TLDs. Enable debug logging for this logger for a complete list of JARs that were scanned but no TLDs were found in them. Skipping unneeded JARs during scanning can improve startup time and JSP compilation time.
2023-05-08 16:35:16.189  INFO 12504 --- [restartedMain] o.a.c.c.C.[Tomcat].[localhost].[/]       : Initializing Spring embedded WebApplicationContext
2023-05-08 16:35:16.189  INFO 12504 --- [restartedMain] w.s.c.ServletWebServerApplicationContext : Root WebApplicationContext: initialization completed in 1623 ms
2023-05-08 16:35:16.213  INFO 12504 --- [restartedMain] com.zaxxer.hikari.HikariDataSource       : HikariPool-1 - Starting...
2023-05-08 16:35:16.431  INFO 12504 --- [restartedMain] com.zaxxer.hikari.HikariDataSource       : HikariPool-1 - Start completed.
2023-05-08 16:35:16.441  INFO 12504 --- [restartedMain] o.s.b.a.h2.H2ConsoleAutoConfiguration    : H2 console available at '/h2'. Database available at 'jdbc:h2:mem:testdb'
2023-05-08 16:35:17.638  INFO 12504 --- [restartedMain] o.s.b.d.a.OptionalLiveReloadServer       : LiveReload server is running on port 35729
2023-05-08 16:35:17.689  INFO 12504 --- [restartedMain] o.s.b.w.embedded.tomcat.TomcatWebServer  : Tomcat started on port(s): 6060 (http) with context path ''
2023-05-08 16:35:17.701  INFO 12504 --- [restartedMain] com.example.my.MyApplication             : Started MyApplication in 3.644 seconds (JVM running for 4.349)
2023-05-08 16:35:30.189  INFO 12504 --- [http-nio-6060-exec-1] o.a.c.c.C.[Tomcat].[localhost].[/]       : Initializing Spring DispatcherServlet 'dispatcherServlet'
2023-05-08 16:35:30.189  INFO 12504 --- [http-nio-6060-exec-1] o.s.web.servlet.DispatcherServlet        : Initializing Servlet 'dispatcherServlet'
2023-05-08 16:35:30.190  INFO 12504 --- [http-nio-6060-exec-1] o.s.web.servlet.DispatcherServlet        : Completed initialization in 1 ms
2023-05-08 16:35:30.220  INFO 12504 --- [http-nio-6060-exec-1] c.e.m.t.controller.TodoControllerApiV2   : 100번 할 일 수정을 요청합니다.
2023-05-08 16:35:30.331  WARN 12504 --- [http-nio-6060-exec-1] .m.m.a.ExceptionHandlerExceptionResolver : Resolved [com.example.my.common.EntityNotFoundException]
2023-05-08 16:35:35.588  INFO 12504 --- [http-nio-6060-exec-3] c.e.m.t.controller.TodoControllerApiV2   : 100번 할 일 수정을 요청합니다.
2023-05-08 16:35:35.590  WARN 12504 --- [http-nio-6060-exec-3] .m.m.a.ExceptionHandlerExceptionResolver : Resolved [com.example.my.common.EntityNotFoundException]
2023-05-08 16:35:47.665  INFO 12504 --- [http-nio-6060-exec-6] c.e.m.t.controller.TodoControllerApiV2   : 100번 할 일 수정을 요청합니다.
2023-05-08 16:35:47.668  WARN 12504 --- [http-nio-6060-exec-6] .m.m.a.ExceptionHandlerExceptionResolver : Resolved [com.example.my.common.EntityNotFoundException]
2023-05-08 16:36:48.923  INFO 12504 --- [http-nio-6060-exec-8] c.e.m.t.controller.TodoControllerApiV2   : 100번 할 일 수정을 요청합니다.
2023-05-08 16:36:48.925  WARN 12504 --- [http-nio-6060-exec-8] .m.m.a.ExceptionHandlerExceptionResolver : Resolved [com.example.my.common.EntityNotFoundException]
2023-05-08 16:41:10.918  INFO 8300 --- [restartedMain] com.example.my.MyApplication             : Starting MyApplication using Java 17.0.6 on DESKTOP-FFS5E59 with PID 8300 (C:\Users\programming\Spring\my05081244\build\classes\java\main started by dita810 in C:\Users\programming\Spring\my05081244)
2023-05-08 16:41:10.919  INFO 8300 --- [restartedMain] com.example.my.MyApplication             : No active profile set, falling back to 1 default profile: "default"
2023-05-08 16:41:10.966  INFO 8300 --- [restartedMain] .e.DevToolsPropertyDefaultsPostProcessor : Devtools property defaults active! Set 'spring.devtools.add-properties' to 'false' to disable
2023-05-08 16:41:10.966  INFO 8300 --- [restartedMain] .e.DevToolsPropertyDefaultsPostProcessor : For additional web related logging consider setting the 'logging.level.web' property to 'DEBUG'
2023-05-08 16:41:12.371  INFO 8300 --- [restartedMain] o.s.b.w.embedded.tomcat.TomcatWebServer  : Tomcat initialized with port(s): 6060 (http)
2023-05-08 16:41:12.381  INFO 8300 --- [restartedMain] o.apache.catalina.core.StandardService   : Starting service [Tomcat]
2023-05-08 16:41:12.381  INFO 8300 --- [restartedMain] org.apache.catalina.core.StandardEngine  : Starting Servlet engine: [Apache Tomcat/9.0.74]
2023-05-08 16:41:12.634  INFO 8300 --- [restartedMain] org.apache.jasper.servlet.TldScanner     : At least one JAR was scanned for TLDs yet contained no TLDs. Enable debug logging for this logger for a complete list of JARs that were scanned but no TLDs were found in them. Skipping unneeded JARs during scanning can improve startup time and JSP compilation time.
2023-05-08 16:41:12.644  INFO 8300 --- [restartedMain] o.a.c.c.C.[Tomcat].[localhost].[/]       : Initializing Spring embedded WebApplicationContext
2023-05-08 16:41:12.645  INFO 8300 --- [restartedMain] w.s.c.ServletWebServerApplicationContext : Root WebApplicationContext: initialization completed in 1677 ms
2023-05-08 16:41:12.669  INFO 8300 --- [restartedMain] com.zaxxer.hikari.HikariDataSource       : HikariPool-1 - Starting...
2023-05-08 16:41:12.885  INFO 8300 --- [restartedMain] com.zaxxer.hikari.HikariDataSource       : HikariPool-1 - Start completed.
2023-05-08 16:41:12.895  INFO 8300 --- [restartedMain] o.s.b.a.h2.H2ConsoleAutoConfiguration    : H2 console available at '/h2'. Database available at 'jdbc:h2:mem:testdb'
2023-05-08 16:41:14.077  INFO 8300 --- [restartedMain] o.s.b.d.a.OptionalLiveReloadServer       : LiveReload server is running on port 35729
2023-05-08 16:41:14.125  INFO 8300 --- [restartedMain] o.s.b.w.embedded.tomcat.TomcatWebServer  : Tomcat started on port(s): 6060 (http) with context path ''
2023-05-08 16:41:14.137  INFO 8300 --- [restartedMain] com.example.my.MyApplication             : Started MyApplication in 3.686 seconds (JVM running for 4.41)
2023-05-08 16:41:19.066  INFO 8300 --- [http-nio-6060-exec-2] o.a.c.c.C.[Tomcat].[localhost].[/]       : Initializing Spring DispatcherServlet 'dispatcherServlet'
2023-05-08 16:41:19.066  INFO 8300 --- [http-nio-6060-exec-2] o.s.web.servlet.DispatcherServlet        : Initializing Servlet 'dispatcherServlet'
2023-05-08 16:41:19.068  INFO 8300 --- [http-nio-6060-exec-2] o.s.web.servlet.DispatcherServlet        : Completed initialization in 1 ms
2023-05-08 16:41:19.097  INFO 8300 --- [http-nio-6060-exec-2] c.e.m.t.controller.TodoControllerApiV2   : 100번 할 일 수정을 요청합니다.
2023-05-08 16:41:19.208  WARN 8300 --- [http-nio-6060-exec-2] .m.m.a.ExceptionHandlerExceptionResolver : Resolved [com.example.my.common.EntityNotFoundException]
2023-05-08 16:44:37.151  INFO 2408 --- [restartedMain] com.example.my.MyApplication             : Starting MyApplication using Java 17.0.6 on DESKTOP-FFS5E59 with PID 2408 (C:\Users\programming\Spring\my05081244\build\classes\java\main started by dita810 in C:\Users\programming\Spring\my05081244)
2023-05-08 16:44:37.153  INFO 2408 --- [restartedMain] com.example.my.MyApplication             : No active profile set, falling back to 1 default profile: "default"
2023-05-08 16:44:37.208  INFO 2408 --- [restartedMain] .e.DevToolsPropertyDefaultsPostProcessor : Devtools property defaults active! Set 'spring.devtools.add-properties' to 'false' to disable
2023-05-08 16:44:37.208  INFO 2408 --- [restartedMain] .e.DevToolsPropertyDefaultsPostProcessor : For additional web related logging consider setting the 'logging.level.web' property to 'DEBUG'
2023-05-08 16:44:38.877  INFO 2408 --- [restartedMain] o.s.b.w.embedded.tomcat.TomcatWebServer  : Tomcat initialized with port(s): 6060 (http)
2023-05-08 16:44:38.887  INFO 2408 --- [restartedMain] o.apache.catalina.core.StandardService   : Starting service [Tomcat]
2023-05-08 16:44:38.887  INFO 2408 --- [restartedMain] org.apache.catalina.core.StandardEngine  : Starting Servlet engine: [Apache Tomcat/9.0.74]
2023-05-08 16:44:39.137  INFO 2408 --- [restartedMain] org.apache.jasper.servlet.TldScanner     : At least one JAR was scanned for TLDs yet contained no TLDs. Enable debug logging for this logger for a complete list of JARs that were scanned but no TLDs were found in them. Skipping unneeded JARs during scanning can improve startup time and JSP compilation time.
2023-05-08 16:44:39.148  INFO 2408 --- [restartedMain] o.a.c.c.C.[Tomcat].[localhost].[/]       : Initializing Spring embedded WebApplicationContext
2023-05-08 16:44:39.148  INFO 2408 --- [restartedMain] w.s.c.ServletWebServerApplicationContext : Root WebApplicationContext: initialization completed in 1939 ms
2023-05-08 16:44:39.173  INFO 2408 --- [restartedMain] com.zaxxer.hikari.HikariDataSource       : HikariPool-1 - Starting...
2023-05-08 16:44:39.402  INFO 2408 --- [restartedMain] com.zaxxer.hikari.HikariDataSource       : HikariPool-1 - Start completed.
2023-05-08 16:44:39.413  INFO 2408 --- [restartedMain] o.s.b.a.h2.H2ConsoleAutoConfiguration    : H2 console available at '/h2'. Database available at 'jdbc:h2:mem:testdb'
2023-05-08 16:44:40.659  INFO 2408 --- [restartedMain] o.s.b.d.a.OptionalLiveReloadServer       : LiveReload server is running on port 35729
2023-05-08 16:44:40.709  INFO 2408 --- [restartedMain] o.s.b.w.embedded.tomcat.TomcatWebServer  : Tomcat started on port(s): 6060 (http) with context path ''
2023-05-08 16:44:40.721  INFO 2408 --- [restartedMain] com.example.my.MyApplication             : Started MyApplication in 4.35 seconds (JVM running for 5.794)
2023-05-08 16:44:48.742  INFO 2408 --- [http-nio-6060-exec-2] o.a.c.c.C.[Tomcat].[localhost].[/]       : Initializing Spring DispatcherServlet 'dispatcherServlet'
2023-05-08 16:44:48.743  INFO 2408 --- [http-nio-6060-exec-2] o.s.web.servlet.DispatcherServlet        : Initializing Servlet 'dispatcherServlet'
2023-05-08 16:44:48.744  INFO 2408 --- [http-nio-6060-exec-2] o.s.web.servlet.DispatcherServlet        : Completed initialization in 1 ms
2023-05-08 16:44:48.774  INFO 2408 --- [http-nio-6060-exec-2] c.e.m.t.controller.TodoControllerApiV2   : 100번 할 일 수정을 요청합니다.
2023-05-08 16:44:48.882  WARN 2408 --- [http-nio-6060-exec-2] .m.m.a.ExceptionHandlerExceptionResolver : Resolved [com.example.my.common.EntityNotFoundException]
2023-05-08 17:07:23.474  INFO 8104 --- [restartedMain] com.example.my.MyApplication             : Starting MyApplication using Java 17.0.6 on DESKTOP-FFS5E59 with PID 8104 (C:\Users\programming\Spring\my05081244\build\classes\java\main started by dita810 in C:\Users\programming\Spring\my05081244)
2023-05-08 17:07:23.476  INFO 8104 --- [restartedMain] com.example.my.MyApplication             : No active profile set, falling back to 1 default profile: "default"
2023-05-08 17:07:23.525  INFO 8104 --- [restartedMain] .e.DevToolsPropertyDefaultsPostProcessor : Devtools property defaults active! Set 'spring.devtools.add-properties' to 'false' to disable
2023-05-08 17:07:23.525  INFO 8104 --- [restartedMain] .e.DevToolsPropertyDefaultsPostProcessor : For additional web related logging consider setting the 'logging.level.web' property to 'DEBUG'
2023-05-08 17:07:25.030  INFO 8104 --- [restartedMain] o.s.b.w.embedded.tomcat.TomcatWebServer  : Tomcat initialized with port(s): 6060 (http)
2023-05-08 17:07:25.039  INFO 8104 --- [restartedMain] o.apache.catalina.core.StandardService   : Starting service [Tomcat]
2023-05-08 17:07:25.039  INFO 8104 --- [restartedMain] org.apache.catalina.core.StandardEngine  : Starting Servlet engine: [Apache Tomcat/9.0.74]
2023-05-08 17:07:25.288  INFO 8104 --- [restartedMain] org.apache.jasper.servlet.TldScanner     : At least one JAR was scanned for TLDs yet contained no TLDs. Enable debug logging for this logger for a complete list of JARs that were scanned but no TLDs were found in them. Skipping unneeded JARs during scanning can improve startup time and JSP compilation time.
2023-05-08 17:07:25.299  INFO 8104 --- [restartedMain] o.a.c.c.C.[Tomcat].[localhost].[/]       : Initializing Spring embedded WebApplicationContext
2023-05-08 17:07:25.299  INFO 8104 --- [restartedMain] w.s.c.ServletWebServerApplicationContext : Root WebApplicationContext: initialization completed in 1774 ms
2023-05-08 17:07:25.327  INFO 8104 --- [restartedMain] com.zaxxer.hikari.HikariDataSource       : HikariPool-1 - Starting...
2023-05-08 17:07:25.540  INFO 8104 --- [restartedMain] com.zaxxer.hikari.HikariDataSource       : HikariPool-1 - Start completed.
2023-05-08 17:07:25.551  INFO 8104 --- [restartedMain] o.s.b.a.h2.H2ConsoleAutoConfiguration    : H2 console available at '/h2'. Database available at 'jdbc:h2:mem:testdb'
2023-05-08 17:07:26.853  INFO 8104 --- [restartedMain] o.s.b.d.a.OptionalLiveReloadServer       : LiveReload server is running on port 35729
2023-05-08 17:07:26.901  INFO 8104 --- [restartedMain] o.s.b.w.embedded.tomcat.TomcatWebServer  : Tomcat started on port(s): 6060 (http) with context path ''
2023-05-08 17:07:26.913  INFO 8104 --- [restartedMain] com.example.my.MyApplication             : Started MyApplication in 3.895 seconds (JVM running for 4.615)
2023-05-08 17:07:58.937  INFO 8104 --- [http-nio-6060-exec-1] o.a.c.c.C.[Tomcat].[localhost].[/]       : Initializing Spring DispatcherServlet 'dispatcherServlet'
2023-05-08 17:07:58.937  INFO 8104 --- [http-nio-6060-exec-1] o.s.web.servlet.DispatcherServlet        : Initializing Servlet 'dispatcherServlet'
2023-05-08 17:07:58.938  INFO 8104 --- [http-nio-6060-exec-1] o.s.web.servlet.DispatcherServlet        : Completed initialization in 1 ms
2023-05-08 17:08:00.213  WARN 8104 --- [http-nio-6060-exec-3] com.example.my.common.CommonAdvice       : 요청이 들어왔습니다.
2023-05-08 17:08:00.218  INFO 8104 --- [http-nio-6060-exec-3] c.e.m.t.controller.TodoControllerApiV2   : 리스트를 가져옵니다.
2023-05-08 17:08:07.490  WARN 8104 --- [http-nio-6060-exec-5] com.example.my.common.CommonAdvice       : 요청이 들어왔습니다.
2023-05-08 17:08:07.490  INFO 8104 --- [http-nio-6060-exec-5] c.e.m.t.controller.TodoControllerApiV2   : 3번 할 일 수정을 요청합니다.
2023-05-08 17:08:07.498  WARN 8104 --- [http-nio-6060-exec-6] com.example.my.common.CommonAdvice       : 요청이 들어왔습니다.
2023-05-08 17:08:07.498  INFO 8104 --- [http-nio-6060-exec-6] c.e.m.t.controller.TodoControllerApiV2   : 리스트를 가져옵니다.
2023-05-08 17:08:14.725  WARN 8104 --- [http-nio-6060-exec-7] com.example.my.common.CommonAdvice       : 요청이 들어왔습니다.
2023-05-08 17:08:14.725  WARN 8104 --- [http-nio-6060-exec-7] c.e.m.t.controller.TodoControllerApiV2   : 3번 할 일 삭제를 요청합니다.
2023-05-08 17:08:14.730  WARN 8104 --- [http-nio-6060-exec-8] com.example.my.common.CommonAdvice       : 요청이 들어왔습니다.
2023-05-08 17:08:14.731  INFO 8104 --- [http-nio-6060-exec-8] c.e.m.t.controller.TodoControllerApiV2   : 리스트를 가져옵니다.
2023-05-08 17:08:21.247  WARN 8104 --- [http-nio-6060-exec-9] com.example.my.common.CommonAdvice       : 요청이 들어왔습니다.
2023-05-08 17:08:21.247  INFO 8104 --- [http-nio-6060-exec-9] c.e.m.t.controller.TodoControllerApiV2   : 할 일 ()샤워하기) 추가를 요청합니다.
2023-05-08 17:08:21.253  WARN 8104 --- [http-nio-6060-exec-10] com.example.my.common.CommonAdvice       : 요청이 들어왔습니다.
2023-05-08 17:08:21.254  INFO 8104 --- [http-nio-6060-exec-10] c.e.m.t.controller.TodoControllerApiV2   : 리스트를 가져옵니다.
2023-05-08 17:11:00.570  INFO 10764 --- [restartedMain] com.example.my.MyApplication             : Starting MyApplication using Java 17.0.6 on DESKTOP-FFS5E59 with PID 10764 (C:\Users\programming\Spring\my05081244\build\classes\java\main started by dita810 in C:\Users\programming\Spring\my05081244)
2023-05-08 17:11:00.571  INFO 10764 --- [restartedMain] com.example.my.MyApplication             : No active profile set, falling back to 1 default profile: "default"
2023-05-08 17:11:00.618  INFO 10764 --- [restartedMain] .e.DevToolsPropertyDefaultsPostProcessor : Devtools property defaults active! Set 'spring.devtools.add-properties' to 'false' to disable
2023-05-08 17:11:00.618  INFO 10764 --- [restartedMain] .e.DevToolsPropertyDefaultsPostProcessor : For additional web related logging consider setting the 'logging.level.web' property to 'DEBUG'
2023-05-08 17:11:02.125  INFO 10764 --- [restartedMain] o.s.b.w.embedded.tomcat.TomcatWebServer  : Tomcat initialized with port(s): 6060 (http)
2023-05-08 17:11:02.136  INFO 10764 --- [restartedMain] o.apache.catalina.core.StandardService   : Starting service [Tomcat]
2023-05-08 17:11:02.136  INFO 10764 --- [restartedMain] org.apache.catalina.core.StandardEngine  : Starting Servlet engine: [Apache Tomcat/9.0.74]
2023-05-08 17:11:02.383  INFO 10764 --- [restartedMain] org.apache.jasper.servlet.TldScanner     : At least one JAR was scanned for TLDs yet contained no TLDs. Enable debug logging for this logger for a complete list of JARs that were scanned but no TLDs were found in them. Skipping unneeded JARs during scanning can improve startup time and JSP compilation time.
2023-05-08 17:11:02.394  INFO 10764 --- [restartedMain] o.a.c.c.C.[Tomcat].[localhost].[/]       : Initializing Spring embedded WebApplicationContext
2023-05-08 17:11:02.394  INFO 10764 --- [restartedMain] w.s.c.ServletWebServerApplicationContext : Root WebApplicationContext: initialization completed in 1775 ms
2023-05-08 17:11:02.418  INFO 10764 --- [restartedMain] com.zaxxer.hikari.HikariDataSource       : HikariPool-1 - Starting...
2023-05-08 17:11:02.633  INFO 10764 --- [restartedMain] com.zaxxer.hikari.HikariDataSource       : HikariPool-1 - Start completed.
2023-05-08 17:11:02.645  INFO 10764 --- [restartedMain] o.s.b.a.h2.H2ConsoleAutoConfiguration    : H2 console available at '/h2'. Database available at 'jdbc:h2:mem:testdb'
2023-05-08 17:11:03.962  INFO 10764 --- [restartedMain] o.s.b.d.a.OptionalLiveReloadServer       : LiveReload server is running on port 35729
2023-05-08 17:11:04.028  INFO 10764 --- [restartedMain] o.s.b.w.embedded.tomcat.TomcatWebServer  : Tomcat started on port(s): 6060 (http) with context path ''
2023-05-08 17:11:04.040  INFO 10764 --- [restartedMain] com.example.my.MyApplication             : Started MyApplication in 3.924 seconds (JVM running for 4.649)
2023-05-08 17:11:06.527  INFO 10764 --- [http-nio-6060-exec-1] o.a.c.c.C.[Tomcat].[localhost].[/]       : Initializing Spring DispatcherServlet 'dispatcherServlet'
2023-05-08 17:11:06.528  INFO 10764 --- [http-nio-6060-exec-1] o.s.web.servlet.DispatcherServlet        : Initializing Servlet 'dispatcherServlet'
2023-05-08 17:11:06.531  INFO 10764 --- [http-nio-6060-exec-1] o.s.web.servlet.DispatcherServlet        : Completed initialization in 2 ms
2023-05-08 17:11:06.577  WARN 10764 --- [http-nio-6060-exec-1] com.example.my.common.CommonAdvice       : 요청이 들어왔습니다.
2023-05-08 17:11:07.372  WARN 10764 --- [http-nio-6060-exec-3] com.example.my.common.CommonAdvice       : 요청이 들어왔습니다.
2023-05-08 17:11:07.377  INFO 10764 --- [http-nio-6060-exec-3] c.e.m.t.controller.TodoControllerApiV2   : 리스트를 가져옵니다.
2023-05-08 17:11:15.463  WARN 10764 --- [http-nio-6060-exec-4] com.example.my.common.CommonAdvice       : 요청이 들어왔습니다.
2023-05-08 17:11:15.500  WARN 10764 --- [http-nio-6060-exec-6] com.example.my.common.CommonAdvice       : 요청이 들어왔습니다.
2023-05-08 17:11:15.500  INFO 10764 --- [http-nio-6060-exec-6] c.e.m.t.controller.TodoControllerApiV2   : 리스트를 가져옵니다.
2023-05-08 17:11:40.941  WARN 10764 --- [http-nio-6060-exec-7] com.example.my.common.CommonAdvice       : 요청이 들어왔습니다.
2023-05-08 17:11:40.977  WARN 10764 --- [http-nio-6060-exec-9] com.example.my.common.CommonAdvice       : 요청이 들어왔습니다.
2023-05-08 17:11:40.977  INFO 10764 --- [http-nio-6060-exec-9] c.e.m.t.controller.TodoControllerApiV2   : 리스트를 가져옵니다.
2023-05-08 17:23:19.833  INFO 7444 --- [restartedMain] com.example.my.MyApplication             : Starting MyApplication using Java 17.0.6 on DESKTOP-FFS5E59 with PID 7444 (C:\Users\programming\Spring\my05081244\build\classes\java\main started by dita810 in C:\Users\programming\Spring\my05081244)
2023-05-08 17:23:19.834  INFO 7444 --- [restartedMain] com.example.my.MyApplication             : No active profile set, falling back to 1 default profile: "default"
2023-05-08 17:23:19.879  INFO 7444 --- [restartedMain] .e.DevToolsPropertyDefaultsPostProcessor : Devtools property defaults active! Set 'spring.devtools.add-properties' to 'false' to disable
2023-05-08 17:23:19.879  INFO 7444 --- [restartedMain] .e.DevToolsPropertyDefaultsPostProcessor : For additional web related logging consider setting the 'logging.level.web' property to 'DEBUG'
2023-05-08 17:23:21.498  INFO 7444 --- [restartedMain] o.s.b.w.embedded.tomcat.TomcatWebServer  : Tomcat initialized with port(s): 6060 (http)
2023-05-08 17:23:21.513  INFO 7444 --- [restartedMain] o.apache.catalina.core.StandardService   : Starting service [Tomcat]
2023-05-08 17:23:21.513  INFO 7444 --- [restartedMain] org.apache.catalina.core.StandardEngine  : Starting Servlet engine: [Apache Tomcat/9.0.74]
2023-05-08 17:23:21.860  INFO 7444 --- [restartedMain] org.apache.jasper.servlet.TldScanner     : At least one JAR was scanned for TLDs yet contained no TLDs. Enable debug logging for this logger for a complete list of JARs that were scanned but no TLDs were found in them. Skipping unneeded JARs during scanning can improve startup time and JSP compilation time.
2023-05-08 17:23:21.872  INFO 7444 --- [restartedMain] o.a.c.c.C.[Tomcat].[localhost].[/]       : Initializing Spring embedded WebApplicationContext
2023-05-08 17:23:21.872  INFO 7444 --- [restartedMain] w.s.c.ServletWebServerApplicationContext : Root WebApplicationContext: initialization completed in 1992 ms
2023-05-08 17:23:21.907  INFO 7444 --- [restartedMain] com.zaxxer.hikari.HikariDataSource       : HikariPool-1 - Starting...
2023-05-08 17:23:22.125  INFO 7444 --- [restartedMain] com.zaxxer.hikari.HikariDataSource       : HikariPool-1 - Start completed.
2023-05-08 17:23:22.136  INFO 7444 --- [restartedMain] o.s.b.a.h2.H2ConsoleAutoConfiguration    : H2 console available at '/h2'. Database available at 'jdbc:h2:mem:testdb'
2023-05-08 17:23:23.624  INFO 7444 --- [restartedMain] o.s.b.d.a.OptionalLiveReloadServer       : LiveReload server is running on port 35729
2023-05-08 17:23:23.677  INFO 7444 --- [restartedMain] o.s.b.w.embedded.tomcat.TomcatWebServer  : Tomcat started on port(s): 6060 (http) with context path ''
2023-05-08 17:23:23.688  INFO 7444 --- [restartedMain] com.example.my.MyApplication             : Started MyApplication in 4.307 seconds (JVM running for 5.01)
2023-05-08 17:23:29.522  INFO 7444 --- [http-nio-6060-exec-1] o.a.c.c.C.[Tomcat].[localhost].[/]       : Initializing Spring DispatcherServlet 'dispatcherServlet'
2023-05-08 17:23:29.523  INFO 7444 --- [http-nio-6060-exec-1] o.s.web.servlet.DispatcherServlet        : Initializing Servlet 'dispatcherServlet'
2023-05-08 17:23:29.524  INFO 7444 --- [http-nio-6060-exec-1] o.s.web.servlet.DispatcherServlet        : Completed initialization in 1 ms
2023-05-08 17:23:30.322  INFO 7444 --- [http-nio-6060-exec-3] c.e.m.t.controller.TodoControllerApiV2   : 리스트를 가져옵니다.
2023-05-08 17:23:35.445  INFO 7444 --- [http-nio-6060-exec-6] c.e.m.t.controller.TodoControllerApiV2   : 리스트를 가져옵니다.
2023-05-08 17:23:39.123  INFO 7444 --- [http-nio-6060-exec-7] c.e.m.t.controller.TodoControllerApiV2   : 3번 할 일 수정을 요청합니다.
2023-05-08 17:23:39.126  WARN 7444 --- [http-nio-6060-exec-7] com.example.my.common.CommonAdvice       : findByIdx 체크 중
2023-05-08 17:23:39.128  WARN 7444 --- [http-nio-6060-exec-7] .m.m.a.ExceptionHandlerExceptionResolver : Resolved [com.example.my.common.EntityNotFoundException]
2023-05-08 17:23:39.131  INFO 7444 --- [http-nio-6060-exec-8] c.e.m.t.controller.TodoControllerApiV2   : 리스트를 가져옵니다.
2023-05-08 17:23:42.053  INFO 7444 --- [http-nio-6060-exec-9] c.e.m.t.controller.TodoControllerApiV2   : 3번 할 일 수정을 요청합니다.
2023-05-08 17:23:42.054  WARN 7444 --- [http-nio-6060-exec-9] com.example.my.common.CommonAdvice       : findByIdx 체크 중
2023-05-08 17:23:42.055  WARN 7444 --- [http-nio-6060-exec-9] .m.m.a.ExceptionHandlerExceptionResolver : Resolved [com.example.my.common.EntityNotFoundException]
2023-05-08 17:23:42.058  INFO 7444 --- [http-nio-6060-exec-10] c.e.m.t.controller.TodoControllerApiV2   : 리스트를 가져옵니다.
2023-05-08 17:23:43.885  INFO 7444 --- [http-nio-6060-exec-1] c.e.m.t.controller.TodoControllerApiV2   : 3번 할 일 수정을 요청합니다.
2023-05-08 17:23:43.886  WARN 7444 --- [http-nio-6060-exec-1] com.example.my.common.CommonAdvice       : findByIdx 체크 중
2023-05-08 17:23:43.887  WARN 7444 --- [http-nio-6060-exec-1] .m.m.a.ExceptionHandlerExceptionResolver : Resolved [com.example.my.common.EntityNotFoundException]
2023-05-08 17:23:43.891  INFO 7444 --- [http-nio-6060-exec-2] c.e.m.t.controller.TodoControllerApiV2   : 리스트를 가져옵니다.
2023-05-08 17:32:31.385  INFO 7360 --- [restartedMain] com.example.my.MyApplication             : Starting MyApplication using Java 17.0.6 on DESKTOP-FFS5E59 with PID 7360 (C:\Users\programming\Spring\my05081244\build\classes\java\main started by dita810 in C:\Users\programming\Spring\my05081244)
2023-05-08 17:32:31.386  INFO 7360 --- [restartedMain] com.example.my.MyApplication             : No active profile set, falling back to 1 default profile: "default"
2023-05-08 17:32:31.433  INFO 7360 --- [restartedMain] .e.DevToolsPropertyDefaultsPostProcessor : Devtools property defaults active! Set 'spring.devtools.add-properties' to 'false' to disable
2023-05-08 17:32:31.433  INFO 7360 --- [restartedMain] .e.DevToolsPropertyDefaultsPostProcessor : For additional web related logging consider setting the 'logging.level.web' property to 'DEBUG'
2023-05-08 17:32:33.021  INFO 7360 --- [restartedMain] o.s.b.w.embedded.tomcat.TomcatWebServer  : Tomcat initialized with port(s): 6060 (http)
2023-05-08 17:32:33.032  INFO 7360 --- [restartedMain] o.apache.catalina.core.StandardService   : Starting service [Tomcat]
2023-05-08 17:32:33.032  INFO 7360 --- [restartedMain] org.apache.catalina.core.StandardEngine  : Starting Servlet engine: [Apache Tomcat/9.0.74]
2023-05-08 17:32:33.295  INFO 7360 --- [restartedMain] org.apache.jasper.servlet.TldScanner     : At least one JAR was scanned for TLDs yet contained no TLDs. Enable debug logging for this logger for a complete list of JARs that were scanned but no TLDs were found in them. Skipping unneeded JARs during scanning can improve startup time and JSP compilation time.
2023-05-08 17:32:33.307  INFO 7360 --- [restartedMain] o.a.c.c.C.[Tomcat].[localhost].[/]       : Initializing Spring embedded WebApplicationContext
2023-05-08 17:32:33.307  INFO 7360 --- [restartedMain] w.s.c.ServletWebServerApplicationContext : Root WebApplicationContext: initialization completed in 1874 ms
2023-05-08 17:32:33.343  INFO 7360 --- [restartedMain] com.zaxxer.hikari.HikariDataSource       : HikariPool-1 - Starting...
2023-05-08 17:32:33.553  INFO 7360 --- [restartedMain] com.zaxxer.hikari.HikariDataSource       : HikariPool-1 - Start completed.
2023-05-08 17:32:33.563  INFO 7360 --- [restartedMain] o.s.b.a.h2.H2ConsoleAutoConfiguration    : H2 console available at '/h2'. Database available at 'jdbc:h2:mem:testdb'
2023-05-08 17:32:35.006  INFO 7360 --- [restartedMain] o.s.b.d.a.OptionalLiveReloadServer       : LiveReload server is running on port 35729
2023-05-08 17:32:35.059  INFO 7360 --- [restartedMain] o.s.b.w.embedded.tomcat.TomcatWebServer  : Tomcat started on port(s): 6060 (http) with context path ''
2023-05-08 17:32:35.070  INFO 7360 --- [restartedMain] com.example.my.MyApplication             : Started MyApplication in 4.16 seconds (JVM running for 4.932)
2023-05-08 17:32:39.779  INFO 7360 --- [http-nio-6060-exec-2] o.a.c.c.C.[Tomcat].[localhost].[/]       : Initializing Spring DispatcherServlet 'dispatcherServlet'
2023-05-08 17:32:39.779  INFO 7360 --- [http-nio-6060-exec-2] o.s.web.servlet.DispatcherServlet        : Initializing Servlet 'dispatcherServlet'
2023-05-08 17:32:39.780  INFO 7360 --- [http-nio-6060-exec-2] o.s.web.servlet.DispatcherServlet        : Completed initialization in 1 ms
2023-05-08 17:32:39.819  WARN 7360 --- [http-nio-6060-exec-2] c.e.m.t.controller.TodoControllerApiV2   : 100번 할 일 삭제를 요청합니다.
2023-05-08 17:32:39.936  WARN 7360 --- [http-nio-6060-exec-2] .m.m.a.ExceptionHandlerExceptionResolver : Resolved [com.example.my.common.EntityNotFoundException: 해당하는 데이터가 없습니다.]
2023-05-08 17:32:51.053  INFO 6332 --- [restartedMain] com.example.my.MyApplication             : Starting MyApplication using Java 17.0.6 on DESKTOP-FFS5E59 with PID 6332 (C:\Users\programming\Spring\my05081244\build\classes\java\main started by dita810 in C:\Users\programming\Spring\my05081244)
2023-05-08 17:32:51.054  INFO 6332 --- [restartedMain] com.example.my.MyApplication             : No active profile set, falling back to 1 default profile: "default"
2023-05-08 17:32:51.100  INFO 6332 --- [restartedMain] .e.DevToolsPropertyDefaultsPostProcessor : Devtools property defaults active! Set 'spring.devtools.add-properties' to 'false' to disable
2023-05-08 17:32:51.101  INFO 6332 --- [restartedMain] .e.DevToolsPropertyDefaultsPostProcessor : For additional web related logging consider setting the 'logging.level.web' property to 'DEBUG'
2023-05-08 17:32:52.716  INFO 6332 --- [restartedMain] o.s.b.w.embedded.tomcat.TomcatWebServer  : Tomcat initialized with port(s): 6060 (http)
2023-05-08 17:32:52.727  INFO 6332 --- [restartedMain] o.apache.catalina.core.StandardService   : Starting service [Tomcat]
2023-05-08 17:32:52.727  INFO 6332 --- [restartedMain] org.apache.catalina.core.StandardEngine  : Starting Servlet engine: [Apache Tomcat/9.0.74]
2023-05-08 17:32:52.977  INFO 6332 --- [restartedMain] org.apache.jasper.servlet.TldScanner     : At least one JAR was scanned for TLDs yet contained no TLDs. Enable debug logging for this logger for a complete list of JARs that were scanned but no TLDs were found in them. Skipping unneeded JARs during scanning can improve startup time and JSP compilation time.
2023-05-08 17:32:52.988  INFO 6332 --- [restartedMain] o.a.c.c.C.[Tomcat].[localhost].[/]       : Initializing Spring embedded WebApplicationContext
2023-05-08 17:32:52.988  INFO 6332 --- [restartedMain] w.s.c.ServletWebServerApplicationContext : Root WebApplicationContext: initialization completed in 1887 ms
2023-05-08 17:32:53.029  INFO 6332 --- [restartedMain] com.zaxxer.hikari.HikariDataSource       : HikariPool-1 - Starting...
2023-05-08 17:32:53.284  INFO 6332 --- [restartedMain] com.zaxxer.hikari.HikariDataSource       : HikariPool-1 - Start completed.
2023-05-08 17:32:53.297  INFO 6332 --- [restartedMain] o.s.b.a.h2.H2ConsoleAutoConfiguration    : H2 console available at '/h2'. Database available at 'jdbc:h2:mem:testdb'
2023-05-08 17:32:54.682  INFO 6332 --- [restartedMain] o.s.b.d.a.OptionalLiveReloadServer       : LiveReload server is running on port 35729
2023-05-08 17:32:54.732  INFO 6332 --- [restartedMain] o.s.b.w.embedded.tomcat.TomcatWebServer  : Tomcat started on port(s): 6060 (http) with context path ''
2023-05-08 17:32:54.744  INFO 6332 --- [restartedMain] com.example.my.MyApplication             : Started MyApplication in 4.156 seconds (JVM running for 4.903)
2023-05-08 17:32:55.416  INFO 6332 --- [http-nio-6060-exec-2] o.a.c.c.C.[Tomcat].[localhost].[/]       : Initializing Spring DispatcherServlet 'dispatcherServlet'
2023-05-08 17:32:55.416  INFO 6332 --- [http-nio-6060-exec-2] o.s.web.servlet.DispatcherServlet        : Initializing Servlet 'dispatcherServlet'
2023-05-08 17:32:55.417  INFO 6332 --- [http-nio-6060-exec-2] o.s.web.servlet.DispatcherServlet        : Completed initialization in 1 ms
2023-05-08 17:32:55.447  WARN 6332 --- [http-nio-6060-exec-2] c.e.m.t.controller.TodoControllerApiV2   : 100번 할 일 삭제를 요청합니다.
2023-05-08 17:32:55.574  WARN 6332 --- [http-nio-6060-exec-2] .m.m.a.ExceptionHandlerExceptionResolver : Resolved [com.example.my.common.EntityNotFoundException: 해당하는 데이터가 없습니다 ㅎㅎ.]
